<?xml version="1.0" encoding="UTF-8"?>
<testng-results ignored="0" total="4" passed="4" failed="0" skipped="0">
  <reporter-output>
  </reporter-output>
  <suite started-at="2023-09-11T18:25:01 IST" name="Default suite" finished-at="2023-09-11T18:25:09 IST" duration-ms="8958">
    <groups>
    </groups>
    <test started-at="2023-09-11T18:25:01 IST" name="Default test" finished-at="2023-09-11T18:25:09 IST" duration-ms="8958">
      <class name="api.test.userTestcase">
        <test-method is-config="true" signature="setupData()[pri:0, instance:api.test.userTestcase@7b36aa0c]" started-at="2023-09-11T18:25:01 IST" name="setupData" finished-at="2023-09-11T18:25:01 IST" duration-ms="847" status="PASS">
          <reporter-output>
          </reporter-output>
        </test-method> <!-- setupData -->
        <test-method signature="createTestcase()[pri:1, instance:api.test.userTestcase@7b36aa0c]" started-at="2023-09-11T18:25:01 IST" name="createTestcase" finished-at="2023-09-11T18:25:05 IST" duration-ms="3092" status="PASS">
          <reporter-output>
          </reporter-output>
        </test-method> <!-- createTestcase -->
        <test-method signature="getUserByName()[pri:2, instance:api.test.userTestcase@7b36aa0c]" started-at="2023-09-11T18:25:05 IST" name="getUserByName" finished-at="2023-09-11T18:25:06 IST" duration-ms="1243" status="PASS">
          <reporter-output>
          </reporter-output>
        </test-method> <!-- getUserByName -->
        <test-method signature="updateUserTestCase()[pri:3, instance:api.test.userTestcase@7b36aa0c]" started-at="2023-09-11T18:25:06 IST" name="updateUserTestCase" finished-at="2023-09-11T18:25:08 IST" duration-ms="2412" status="PASS">
          <reporter-output>
          </reporter-output>
        </test-method> <!-- updateUserTestCase -->
        <test-method signature="deleteUserbyName()[pri:4, instance:api.test.userTestcase@7b36aa0c]" started-at="2023-09-11T18:25:08 IST" name="deleteUserbyName" finished-at="2023-09-11T18:25:09 IST" duration-ms="1302" status="PASS">
          <reporter-output>
          </reporter-output>
        </test-method> <!-- deleteUserbyName -->
      </class> <!-- api.test.userTestcase -->
    </test> <!-- Default test -->
  </suite> <!-- Default suite -->
</testng-results>
