<?xml version="1.0" encoding="UTF-8"?>
<testsuite xmlns:xsi="http://www.w3.org/2001/XMLSchema-instance" xsi:noNamespaceSchemaLocation="https://maven.apache.org/surefire/maven-surefire-plugin/xsd/surefire-test-report-3.0.xsd" version="3.0" name="TestSuite" time="10.164" tests="4" errors="0" skipped="0" failures="0">
  <properties>
[...]
</properties>
  <testcase name="createTestcase" classname="api.test.userTestcase" time="3.168">
    <system-out><![CDATA[D:\Java_Selenium\LocalEclipse\PetStoreAutomation\reports\API-test-report2023.09.10.19.15.15.html
WARN StatusConsoleListener Error while converting string [SYSTEM-OUT] to type [class org.apache.logging.log4j.core.appender.ConsoleAppender$Target]. Using default value [null].
 java.lang.IllegalArgumentException: No enum constant org.apache.logging.log4j.core.appender.ConsoleAppender.Target.SYSTEM-OUT
	at java.base/java.lang.Enum.valueOf(Enum.java:273)
	at org.apache.logging.log4j.util.EnglishEnums.valueOf(EnglishEnums.java:67)
	at org.apache.logging.log4j.util.EnglishEnums.valueOf(EnglishEnums.java:50)
	at org.apache.logging.log4j.core.config.plugins.convert.EnumConverter.convert(EnumConverter.java:36)
	at org.apache.logging.log4j.core.config.plugins.convert.EnumConverter.convert(EnumConverter.java:27)
	at org.apache.logging.log4j.core.config.plugins.convert.TypeConverters.convert(TypeConverters.java:420)
	at org.apache.logging.log4j.core.config.plugins.visitors.AbstractPluginVisitor.convert(AbstractPluginVisitor.java:151)
	at org.apache.logging.log4j.core.config.plugins.visitors.PluginBuilderAttributeVisitor.visit(PluginBuilderAttributeVisitor.java:49)
	at org.apache.logging.log4j.core.config.plugins.util.PluginBuilder.injectFields(PluginBuilder.java:187)
	at org.apache.logging.log4j.core.config.plugins.util.PluginBuilder.build(PluginBuilder.java:123)
	at org.apache.logging.log4j.core.config.AbstractConfiguration.createPluginObject(AbstractConfiguration.java:1138)
	at org.apache.logging.log4j.core.config.AbstractConfiguration.createConfiguration(AbstractConfiguration.java:1063)
	at org.apache.logging.log4j.core.config.AbstractConfiguration.createConfiguration(AbstractConfiguration.java:1055)
	at org.apache.logging.log4j.core.config.AbstractConfiguration.doConfigure(AbstractConfiguration.java:664)
	at org.apache.logging.log4j.core.config.AbstractConfiguration.initialize(AbstractConfiguration.java:258)
	at org.apache.logging.log4j.core.config.AbstractConfiguration.start(AbstractConfiguration.java:304)
	at org.apache.logging.log4j.core.LoggerContext.setConfiguration(LoggerContext.java:621)
	at org.apache.logging.log4j.core.LoggerContext.reconfigure(LoggerContext.java:694)
	at org.apache.logging.log4j.core.LoggerContext.reconfigure(LoggerContext.java:711)
	at org.apache.logging.log4j.core.LoggerContext.start(LoggerContext.java:253)
	at org.apache.logging.log4j.core.impl.Log4jContextFactory.getContext(Log4jContextFactory.java:155)
	at org.apache.logging.log4j.core.impl.Log4jContextFactory.getContext(Log4jContextFactory.java:47)
	at org.apache.logging.log4j.LogManager.getContext(LogManager.java:196)
	at org.apache.logging.log4j.LogManager.getLogger(LogManager.java:599)
	at api.test.userTestcase.setupData(userTestcase.java:36)
	at java.base/jdk.internal.reflect.NativeMethodAccessorImpl.invoke0(Native Method)
	at java.base/jdk.internal.reflect.NativeMethodAccessorImpl.invoke(NativeMethodAccessorImpl.java:77)
	at java.base/jdk.internal.reflect.DelegatingMethodAccessorImpl.invoke(DelegatingMethodAccessorImpl.java:43)
	at java.base/java.lang.reflect.Method.invoke(Method.java:568)
	at org.testng.internal.invokers.MethodInvocationHelper.invokeMethod(MethodInvocationHelper.java:139)
	at org.testng.internal.invokers.MethodInvocationHelper.invokeMethodConsideringTimeout(MethodInvocationHelper.java:69)
	at org.testng.internal.invokers.ConfigInvoker.invokeConfigurationMethod(ConfigInvoker.java:361)
	at org.testng.internal.invokers.ConfigInvoker.invokeConfigurations(ConfigInvoker.java:296)
	at org.testng.internal.invokers.TestMethodWorker.invokeBeforeClassMethods(TestMethodWorker.java:180)
	at org.testng.internal.invokers.TestMethodWorker.run(TestMethodWorker.java:122)
	at java.base/java.util.ArrayList.forEach(ArrayList.java:1511)
	at org.testng.TestRunner.privateRun(TestRunner.java:829)
	at org.testng.TestRunner.run(TestRunner.java:602)
	at org.testng.SuiteRunner.runTest(SuiteRunner.java:437)
	at org.testng.SuiteRunner.runSequentially(SuiteRunner.java:431)
	at org.testng.SuiteRunner.privateRun(SuiteRunner.java:391)
	at org.testng.SuiteRunner.run(SuiteRunner.java:330)
	at org.testng.SuiteRunnerWorker.runSuite(SuiteRunnerWorker.java:52)
	at org.testng.SuiteRunnerWorker.run(SuiteRunnerWorker.java:95)
	at org.testng.TestNG.runSuitesSequentially(TestNG.java:1256)
	at org.testng.TestNG.runSuitesLocally(TestNG.java:1176)
	at org.testng.TestNG.runSuites(TestNG.java:1099)
	at org.testng.TestNG.run(TestNG.java:1067)
	at org.apache.maven.surefire.testng.TestNGExecutor.run(TestNGExecutor.java:324)
	at org.apache.maven.surefire.testng.TestNGXmlTestSuite.execute(TestNGXmlTestSuite.java:74)
	at org.apache.maven.surefire.testng.TestNGProvider.invoke(TestNGProvider.java:123)
	at org.apache.maven.surefire.booter.ForkedBooter.runSuitesInProcess(ForkedBooter.java:456)
	at org.apache.maven.surefire.booter.ForkedBooter.execute(ForkedBooter.java:169)
	at org.apache.maven.surefire.booter.ForkedBooter.run(ForkedBooter.java:595)
	at org.apache.maven.surefire.booter.ForkedBooter.main(ForkedBooter.java:581)
HTTP/1.1 200 OK
Date: Sun, 10 Sep 2023 13:45:19 GMT
Content-Type: application/json
Transfer-Encoding: chunked
Connection: keep-alive
Access-Control-Allow-Origin: *
Access-Control-Allow-Methods: GET, POST, DELETE, PUT
Access-Control-Allow-Headers: Content-Type, api_key, Authorization
Server: Jetty(9.2.9.v20150224)

{
    "code": 200,
    "type": "unknown",
    "message": "33419717"
}
]]></system-out>
    <system-err><![CDATA[SLF4J: Failed to load class "org.slf4j.impl.StaticLoggerBinder".
SLF4J: Defaulting to no-operation (NOP) logger implementation
SLF4J: See http://www.slf4j.org/codes.html#StaticLoggerBinder for further details.
]]></system-err>
  </testcase>
  <testcase name="getUserByName" classname="api.test.userTestcase" time="1.331">
    <system-out><![CDATA[HTTP/1.1 200 OK
Date: Sun, 10 Sep 2023 13:45:20 GMT
Content-Type: application/json
Transfer-Encoding: chunked
Connection: keep-alive
Access-Control-Allow-Origin: *
Access-Control-Allow-Methods: GET, POST, DELETE, PUT
Access-Control-Allow-Headers: Content-Type, api_key, Authorization
Server: Jetty(9.2.9.v20150224)

{
    "id": 33419717,
    "username": "clifford.schaefer",
    "firstName": "Coreen",
    "lastName": "Baumbach",
    "email": "weston.effertz@example.com",
    "password": "5a7n6v5sa",
    "phone": "(542) 489-3395",
    "userStatus": 0
}
]]></system-out>
  </testcase>
  <testcase name="updateUserTestCase" classname="api.test.userTestcase" time="2.549">
    <system-out><![CDATA[HTTP/1.1 200 OK
Date: Sun, 10 Sep 2023 13:45:21 GMT
Content-Type: application/json
Transfer-Encoding: chunked
Connection: keep-alive
Access-Control-Allow-Origin: *
Access-Control-Allow-Methods: GET, POST, DELETE, PUT
Access-Control-Allow-Headers: Content-Type, api_key, Authorization
Server: Jetty(9.2.9.v20150224)

{
    "code": 200,
    "type": "unknown",
    "message": "33419717"
}
{
    "code": 200,
    "type": "unknown",
    "message": "33419717"
}
{
    "id": 33419717,
    "username": "clifford.schaefer",
    "firstName": "Tyson",
    "lastName": "Gerlach",
    "email": "aracelis.ondricka@example.com",
    "password": "5a7n6v5sa",
    "phone": "(542) 489-3395",
    "userStatus": 0
}
{
    "id": 33419717,
    "username": "clifford.schaefer",
    "firstName": "Tyson",
    "lastName": "Gerlach",
    "email": "aracelis.ondricka@example.com",
    "password": "5a7n6v5sa",
    "phone": "(542) 489-3395",
    "userStatus": 0
}
]]></system-out>
  </testcase>
  <testcase name="deleteUserbyName" classname="api.test.userTestcase" time="1.267">
    <system-out><![CDATA[{
    "id": 33419717,
    "username": "clifford.schaefer",
    "firstName": "Tyson",
    "lastName": "Gerlach",
    "email": "aracelis.ondricka@example.com",
    "password": "5a7n6v5sa",
    "phone": "(542) 489-3395",
    "userStatus": 0
}
]]></system-out>
  </testcase>
</testsuite>