<?xml version="1.0" encoding="UTF-8"?>
<testng-results ignored="0" total="4" passed="4" failed="0" skipped="0">
  <reporter-output>
  </reporter-output>
  <suite started-at="2023-09-10T19:15:15 IST" name="PetSuite" finished-at="2023-09-10T19:15:24 IST" duration-ms="9305">
    <groups>
    </groups>
    <test started-at="2023-09-10T19:15:15 IST" name="PetStoreTest" finished-at="2023-09-10T19:15:24 IST" duration-ms="9305">
      <class name="api.test.userTestcase">
        <test-method is-config="true" signature="setupData()[pri:0, instance:api.test.userTestcase@ffaa6af]" started-at="2023-09-10T19:15:15 IST" name="setupData" finished-at="2023-09-10T19:15:16 IST" duration-ms="708" status="PASS">
          <reporter-output>
          </reporter-output>
        </test-method> <!-- setupData -->
        <test-method signature="createTestcase()[pri:1, instance:api.test.userTestcase@ffaa6af]" started-at="2023-09-10T19:15:16 IST" name="createTestcase" finished-at="2023-09-10T19:15:19 IST" duration-ms="3160" status="PASS">
          <reporter-output>
          </reporter-output>
        </test-method> <!-- createTestcase -->
        <test-method signature="getUserByName()[pri:2, instance:api.test.userTestcase@ffaa6af]" started-at="2023-09-10T19:15:19 IST" name="getUserByName" finished-at="2023-09-10T19:15:20 IST" duration-ms="1327" status="PASS">
          <reporter-output>
          </reporter-output>
        </test-method> <!-- getUserByName -->
        <test-method signature="updateUserTestCase()[pri:3, instance:api.test.userTestcase@ffaa6af]" started-at="2023-09-10T19:15:20 IST" name="updateUserTestCase" finished-at="2023-09-10T19:15:23 IST" duration-ms="2549" status="PASS">
          <reporter-output>
          </reporter-output>
        </test-method> <!-- updateUserTestCase -->
        <test-method signature="deleteUserbyName()[pri:4, instance:api.test.userTestcase@ffaa6af]" started-at="2023-09-10T19:15:23 IST" name="deleteUserbyName" finished-at="2023-09-10T19:15:24 IST" duration-ms="1264" status="PASS">
          <reporter-output>
          </reporter-output>
        </test-method> <!-- deleteUserbyName -->
      </class> <!-- api.test.userTestcase -->
    </test> <!-- PetStoreTest -->
  </suite> <!-- PetSuite -->
</testng-results>
