<?xml version="1.0" encoding="UTF-8"?>
<!-- Generated by org.testng.reporters.JUnitXMLReporter -->
<testsuite ignored="0" hostname="XCHNLQC1508" failures="0" tests="4" name="PetStoreTest" time="9.305" errors="0" timestamp="2023-09-10T19:15:24 IST">
  <testcase classname="api.test.userTestcase" name="createTestcase" time="3.16"/>
  <testcase classname="api.test.userTestcase" name="getUserByName" time="1.327"/>
  <testcase classname="api.test.userTestcase" name="updateUserTestCase" time="2.549"/>
  <testcase classname="api.test.userTestcase" name="deleteUserbyName" time="1.264"/>
</testsuite> <!-- PetStoreTest -->
