<?xml version="1.0" encoding="UTF-8"?>
<!-- Generated by org.testng.reporters.JUnitXMLReporter -->
<testsuite ignored="0" hostname="XCHNLQC1508" failures="0" tests="4" name="PetStoreTest" time="13.22" errors="0" timestamp="2023-09-09T20:58:24 IST">
  <testcase classname="api.test.userTestcase" name="createTestcase" time="4.921"/>
  <testcase classname="api.test.userTestcase" name="getUserByName" time="1.66"/>
  <testcase classname="api.test.userTestcase" name="updateUserTestCase" time="3.256"/>
  <testcase classname="api.test.userTestcase" name="deleteUserbyName" time="1.534"/>
</testsuite> <!-- PetStoreTest -->
