<?xml version="1.0" encoding="UTF-8"?>
<!-- Generated by org.testng.reporters.JUnitXMLReporter -->
<testsuite ignored="0" hostname="XCHNLQC1508" failures="0" tests="4" name="Default test" time="8.958" errors="0" timestamp="2023-09-11T18:25:10 IST">
  <testcase classname="api.test.userTestcase" name="createTestcase" time="3.092"/>
  <testcase classname="api.test.userTestcase" name="getUserByName" time="1.243"/>
  <testcase classname="api.test.userTestcase" name="updateUserTestCase" time="2.412"/>
  <testcase classname="api.test.userTestcase" name="deleteUserbyName" time="1.302"/>
</testsuite> <!-- Default test -->
